#
# There is insufficient memory for the Java Runtime Environment to continue.
# Native memory allocation (mmap) failed to map 123207680 bytes for committing reserved memory.
# Possible reasons:
#   The system is out of physical RAM or swap space
#   The process is running with CompressedOops enabled, and the Java Heap may be blocking the growth of the native heap
# Possible solutions:
#   Reduce memory load on the system
#   Increase physical memory or swap space
#   Check if swap backing store is full
#   Decrease Java heap size (-Xmx/-Xms)
#   Decrease number of Java threads
#   Decrease Java thread stack sizes (-Xss)
#   Set larger code cache with -XX:ReservedCodeCacheSize=
#   JVM is running with Zero Based Compressed Oops mode in which the Java heap is
#     placed in the first 32GB address space. The Java Heap base address is the
#     maximum limit for the native heap growth. Please use -XX:HeapBaseMinAddress
#     to set the Java Heap base and to place the Java Heap above 32GB virtual address.
# This output file may be truncated or incomplete.
#
#  Out of Memory Error (os_linux.cpp:2749), pid=11259, tid=0x00007f2a0b2f2700
#
# JRE version: Java(TM) SE Runtime Environment (8.0_201-b09) (build 1.8.0_201-b09)
# Java VM: Java HotSpot(TM) 64-Bit Server VM (25.201-b09 mixed mode linux-amd64 compressed oops)
# Failed to write core dump. Core dumps have been disabled. To enable core dumping, try "ulimit -c unlimited" before starting Java again
#

---------------  T H R E A D  ---------------

Current thread (0x00007f2a30085800):  VMThread [stack: 0x00007f2a0b1f3000,0x00007f2a0b2f3000] [id=11274]

Stack: [0x00007f2a0b1f3000,0x00007f2a0b2f3000],  sp=0x00007f2a0b2f13f0,  free space=1016k
Native frames: (J=compiled Java code, j=interpreted, Vv=VM code, C=native code)
V  [libjvm.so+0xad3525]  VMError::report_and_die()+0x2e5
V  [libjvm.so+0x4e0457]  report_vm_out_of_memory(char const*, int, unsigned long, VMErrorType, char const*)+0x67
V  [libjvm.so+0x9102f0]  os::pd_commit_memory(char*, unsigned long, unsigned long, bool)+0x100
V  [libjvm.so+0x90791f]  os::commit_memory(char*, unsigned long, unsigned long, bool)+0x1f
V  [libjvm.so+0x98c806]  PSVirtualSpace::expand_by(unsigned long)+0x56
V  [libjvm.so+0x98da98]  PSYoungGen::resize(unsigned long, unsigned long)+0xd8
V  [libjvm.so+0x98a236]  PSScavenge::invoke_no_policy()+0x1376
V  [libjvm.so+0x98a5cc]  PSScavenge::invoke()+0x4c
V  [libjvm.so+0x93a318]  ParallelScavengeHeap::failed_mem_allocate(unsigned long)+0x68
V  [libjvm.so+0xad5073]  VM_ParallelGCFailedAllocation::doit()+0x93
V  [libjvm.so+0xada296]  VM_Operation::evaluate()+0x46
V  [libjvm.so+0xad85cd]  VMThread::evaluate_operation(VM_Operation*) [clone .constprop.44]+0xcd
V  [libjvm.so+0xad8bb3]  VMThread::loop()+0x3a3
V  [libjvm.so+0xad8f88]  VMThread::run()+0x78
V  [libjvm.so+0x90d922]  java_start(Thread*)+0x102

VM_Operation (0x00007f2a3639a150): ParallelGCFailedAllocation, mode: safepoint, requested by thread 0x00007f2a3000b000


---------------  P R O C E S S  ---------------

Java Threads: ( => current thread )
  0x00007f2a300eb800 JavaThread "Service Thread" daemon [_thread_blocked, id=11282, stack(0x00007f2a0a01b000,0x00007f2a0a11c000)]
  0x00007f2a300ce000 JavaThread "C1 CompilerThread3" daemon [_thread_blocked, id=11281, stack(0x00007f2a0a11d000,0x00007f2a0a21d000)]
  0x00007f2a300cc000 JavaThread "C2 CompilerThread2" daemon [_thread_blocked, id=11280, stack(0x00007f2a0a21e000,0x00007f2a0a31e000)]
  0x00007f2a300ca000 JavaThread "C2 CompilerThread1" daemon [_thread_blocked, id=11279, stack(0x00007f2a0a31f000,0x00007f2a0a41f000)]
  0x00007f2a300c7800 JavaThread "C2 CompilerThread0" daemon [_thread_blocked, id=11278, stack(0x00007f2a0a420000,0x00007f2a0a520000)]
  0x00007f2a300c6000 JavaThread "Signal Dispatcher" daemon [_thread_blocked, id=11277, stack(0x00007f2a0a520000,0x00007f2a0a621000)]
  0x00007f2a30092000 JavaThread "Finalizer" daemon [_thread_blocked, id=11276, stack(0x00007f2a0aff0000,0x00007f2a0b0f1000)]
  0x00007f2a3008f800 JavaThread "Reference Handler" daemon [_thread_blocked, id=11275, stack(0x00007f2a0b0f1000,0x00007f2a0b1f2000)]
  0x00007f2a3000b000 JavaThread "main" [_thread_blocked, id=11263, stack(0x00007f2a3629c000,0x00007f2a3639c000)]

Other Threads:
=>0x00007f2a30085800 VMThread [stack: 0x00007f2a0b1f3000,0x00007f2a0b2f3000] [id=11274]
  0x00007f2a300ee000 WatcherThread [stack: 0x00007f2a09f1b000,0x00007f2a0a01b000] [id=11283]

VM state:at safepoint (normal execution)

VM Mutex/Monitor currently owned by a thread:  ([mutex/lock_event])
[0x00007f2a30007a90] Threads_lock - owner thread: 0x00007f2a30085800
[0x00007f2a30007f90] Heap_lock - owner thread: 0x00007f2a3000b000

heap address: 0x00000006c7800000, size: 3976 MB, Compressed Oops mode: Zero based, Oop shift amount: 3
Narrow klass base: 0x0000000000000000, Narrow klass shift: 3
Compressed class space size: 1073741824 Address: 0x00000007c0000000

Heap:
 PSYoungGen      total 1128448K, used 305K [0x000000076d300000, 0x00000007b8800000, 0x00000007c0000000)
  eden space 1112064K, 0% used [0x000000076d300000,0x000000076d300000,0x00000007b1100000)
  from space 16384K, 1% used [0x00000007b7800000,0x00000007b784c7c8,0x00000007b8800000)
  to   space 16896K, 0% used [0x00000007b1100000,0x00000007b1100000,0x00000007b2180000)
 ParOldGen       total 224768K, used 130795K [0x00000006c7800000, 0x00000006d5380000, 0x000000076d300000)
  object space 224768K, 58% used [0x00000006c7800000,0x00000006cf7bac68,0x00000006d5380000)
 Metaspace       used 6483K, capacity 6640K, committed 6912K, reserved 1056768K
  class space    used 607K, capacity 662K, committed 768K, reserved 1048576K

Card table byte_map: [0x00007f2a1f5df000,0x00007f2a1fda4000] byte_map_base: 0x00007f2a1bfa3000

Marking Bits: (ParMarkBitMap*) 0x00007f2a35743d80
 Begin Bits: [0x00007f29d43c0000, 0x00007f29d81e0000)
 End Bits:   [0x00007f29d81e0000, 0x00007f29dc000000)

Polling page: 0x00007f2a363b3000

CodeCache: size=245760Kb used=7168Kb max_used=7583Kb free=238591Kb
 bounds [0x00007f2a20164000, 0x00007f2a20904000, 0x00007f2a2f164000]
 total_blobs=1941 nmethods=1638 adapters=217
 compilation: enabled

Compilation events (10 events):
Event: 155615,413 Thread 0x00007f2a300ce000 2516       3       java.lang.String::valueOf (14 bytes)
Event: 155615,413 Thread 0x00007f2a300ce000 nmethod 2516 0x00007f2a20509d10 code [0x00007f2a20509e80, 0x00007f2a2050a0c8]
Event: 155615,413 Thread 0x00007f2a300ce000 2517       3       java.lang.StringBuilder::append (9 bytes)
Event: 155615,414 Thread 0x00007f2a300ce000 nmethod 2517 0x00007f2a206ceb50 code [0x00007f2a206cece0, 0x00007f2a206cf0d8]
Event: 156294,862 Thread 0x00007f2a300ce000 2518       1       inteligenciacomputacional.SolucaoNSL::getAcuracia (5 bytes)
Event: 156294,862 Thread 0x00007f2a300ce000 nmethod 2518 0x00007f2a205cf450 code [0x00007f2a205cf5a0, 0x00007f2a205cf6b0]
Event: 157515,436 Thread 0x00007f2a300ce000 2519       3       java.lang.Integer::toString (8 bytes)
Event: 157515,436 Thread 0x00007f2a300ce000 nmethod 2519 0x00007f2a202bdf90 code [0x00007f2a202be100, 0x00007f2a202be288]
Event: 159506,825 Thread 0x00007f2a300c7800 2520       4       inteligenciacomputacional.SolucaoNSL::IWSSrNewSolution (481 bytes)
Event: 159507,025 Thread 0x00007f2a300c7800 nmethod 2520 0x00007f2a2086a410 code [0x00007f2a2086a900, 0x00007f2a2086fda0]

GC Heap History (10 events):
Event: 226965,828 GC heap after
Heap after GC invocations=471699 (full 1982):
 PSYoungGen      total 605184K, used 157K [0x000000076d300000, 0x00000007b5600000, 0x00000007c0000000)
  eden space 584704K, 0% used [0x000000076d300000,0x000000076d300000,0x0000000790e00000)
  from space 20480K, 0% used [0x00000007b2e80000,0x00000007b2ea77b8,0x00000007b4280000)
  to   space 19968K, 0% used [0x00000007b4280000,0x00000007b4280000,0x00000007b5600000)
 ParOldGen       total 224768K, used 130795K [0x00000006c7800000, 0x00000006d5380000, 0x000000076d300000)
  object space 224768K, 58% used [0x00000006c7800000,0x00000006cf7bac68,0x00000006d5380000)
 Metaspace       used 6483K, capacity 6640K, committed 6912K, reserved 1056768K
  class space    used 607K, capacity 662K, committed 768K, reserved 1048576K
}
Event: 226967,903 GC heap before
{Heap before GC invocations=471700 (full 1982):
 PSYoungGen      total 605184K, used 584861K [0x000000076d300000, 0x00000007b5600000, 0x00000007c0000000)
  eden space 584704K, 100% used [0x000000076d300000,0x0000000790e00000,0x0000000790e00000)
  from space 20480K, 0% used [0x00000007b2e80000,0x00000007b2ea77b8,0x00000007b4280000)
  to   space 19968K, 0% used [0x00000007b4280000,0x00000007b4280000,0x00000007b5600000)
 ParOldGen       total 224768K, used 130795K [0x00000006c7800000, 0x00000006d5380000, 0x000000076d300000)
  object space 224768K, 58% used [0x00000006c7800000,0x00000006cf7bac68,0x00000006d5380000)
 Metaspace       used 6483K, capacity 6640K, committed 6912K, reserved 1056768K
  class space    used 607K, capacity 662K, committed 768K, reserved 1048576K
Event: 226968,016 GC heap after
Heap after GC invocations=471700 (full 1982):
 PSYoungGen      total 701440K, used 1041K [0x000000076d300000, 0x00000007b4400000, 0x00000007c0000000)
  eden space 699904K, 0% used [0x000000076d300000,0x000000076d300000,0x0000000797e80000)
  from space 1536K, 67% used [0x00000007b4280000,0x00000007b4384648,0x00000007b4400000)
  to   space 18944K, 0% used [0x00000007b1f00000,0x00000007b1f00000,0x00000007b3180000)
 ParOldGen       total 224768K, used 130795K [0x00000006c7800000, 0x00000006d5380000, 0x000000076d300000)
  object space 224768K, 58% used [0x00000006c7800000,0x00000006cf7bac68,0x00000006d5380000)
 Metaspace       used 6483K, capacity 6640K, committed 6912K, reserved 1056768K
  class space    used 607K, capacity 662K, committed 768K, reserved 1048576K
}
Event: 226970,399 GC heap before
{Heap before GC invocations=471701 (full 1982):
 PSYoungGen      total 701440K, used 700945K [0x000000076d300000, 0x00000007b4400000, 0x00000007c0000000)
  eden space 699904K, 100% used [0x000000076d300000,0x0000000797e80000,0x0000000797e80000)
  from space 1536K, 67% used [0x00000007b4280000,0x00000007b4384648,0x00000007b4400000)
  to   space 18944K, 0% used [0x00000007b1f00000,0x00000007b1f00000,0x00000007b3180000)
 ParOldGen       total 224768K, used 130795K [0x00000006c7800000, 0x00000006d5380000, 0x000000076d300000)
  object space 224768K, 58% used [0x00000006c7800000,0x00000006cf7bac68,0x00000006d5380000)
 Metaspace       used 6483K, capacity 6640K, committed 6912K, reserved 1056768K
  class space    used 607K, capacity 662K, committed 768K, reserved 1048576K
Event: 226970,573 GC heap after
Heap after GC invocations=471701 (full 1982):
 PSYoungGen      total 857088K, used 973K [0x000000076d300000, 0x00000007b4300000, 0x00000007c0000000)
  eden space 838144K, 0% used [0x000000076d300000,0x000000076d300000,0x00000007a0580000)
  from space 18944K, 5% used [0x00000007b1f00000,0x00000007b1ff37c8,0x00000007b3180000)
  to   space 17920K, 0% used [0x00000007b3180000,0x00000007b3180000,0x00000007b4300000)
 ParOldGen       total 224768K, used 130795K [0x00000006c7800000, 0x00000006d5380000, 0x000000076d300000)
  object space 224768K, 58% used [0x00000006c7800000,0x00000006cf7bac68,0x00000006d5380000)
 Metaspace       used 6483K, capacity 6640K, committed 6912K, reserved 1056768K
  class space    used 607K, capacity 662K, committed 768K, reserved 1048576K
}
Event: 226973,486 GC heap before
{Heap before GC invocations=471702 (full 1982):
 PSYoungGen      total 857088K, used 839117K [0x000000076d300000, 0x00000007b4300000, 0x00000007c0000000)
  eden space 838144K, 100% used [0x000000076d300000,0x00000007a0580000,0x00000007a0580000)
  from space 18944K, 5% used [0x00000007b1f00000,0x00000007b1ff37c8,0x00000007b3180000)
  to   space 17920K, 0% used [0x00000007b3180000,0x00000007b3180000,0x00000007b4300000)
 ParOldGen       total 224768K, used 130795K [0x00000006c7800000, 0x00000006d5380000, 0x000000076d300000)
  object space 224768K, 58% used [0x00000006c7800000,0x00000006cf7bac68,0x00000006d5380000)
 Metaspace       used 6483K, capacity 6640K, committed 6912K, reserved 1056768K
  class space    used 607K, capacity 662K, committed 768K, reserved 1048576K
Event: 226973,571 GC heap after
Heap after GC invocations=471702 (full 1982):
 PSYoungGen      total 1004032K, used 308K [0x000000076d300000, 0x00000007b3200000, 0x00000007c0000000)
  eden space 1003520K, 0% used [0x000000076d300000,0x000000076d300000,0x00000007aa700000)
  from space 512K, 60% used [0x00000007b3180000,0x00000007b31cd010,0x00000007b3200000)
  to   space 16896K, 0% used [0x00000007b1100000,0x00000007b1100000,0x00000007b2180000)
 ParOldGen       total 224768K, used 130795K [0x00000006c7800000, 0x00000006d5380000, 0x000000076d300000)
  object space 224768K, 58% used [0x00000006c7800000,0x00000006cf7bac68,0x00000006d5380000)
 Metaspace       used 6483K, capacity 6640K, committed 6912K, reserved 1056768K
  class space    used 607K, capacity 662K, committed 768K, reserved 1048576K
}
Event: 226976,875 GC heap before
{Heap before GC invocations=471703 (full 1982):
 PSYoungGen      total 1004032K, used 1003828K [0x000000076d300000, 0x00000007b3200000, 0x00000007c0000000)
  eden space 1003520K, 100% used [0x000000076d300000,0x00000007aa700000,0x00000007aa700000)
  from space 512K, 60% used [0x00000007b3180000,0x00000007b31cd010,0x00000007b3200000)
  to   space 16896K, 0% used [0x00000007b1100000,0x00000007b1100000,0x00000007b2180000)
 ParOldGen       total 224768K, used 130795K [0x00000006c7800000, 0x00000006d5380000, 0x000000076d300000)
  object space 224768K, 58% used [0x00000006c7800000,0x00000006cf7bac68,0x00000006d5380000)
 Metaspace       used 6483K, capacity 6640K, committed 6912K, reserved 1056768K
  class space    used 607K, capacity 662K, committed 768K, reserved 1048576K
Event: 226976,953 GC heap after
Heap after GC invocations=471703 (full 1982):
 PSYoungGen      total 1128960K, used 691K [0x000000076d300000, 0x00000007b8800000, 0x00000007c0000000)
  eden space 1112064K, 0% used [0x000000076d300000,0x000000076d300000,0x00000007b1100000)
  from space 16896K, 4% used [0x00000007b1100000,0x00000007b11acc68,0x00000007b2180000)
  to   space 16384K, 0% used [0x00000007b7800000,0x00000007b7800000,0x00000007b8800000)
 ParOldGen       total 224768K, used 130795K [0x00000006c7800000, 0x00000006d5380000, 0x000000076d300000)
  object space 224768K, 58% used [0x00000006c7800000,0x00000006cf7bac68,0x00000006d5380000)
 Metaspace       used 6483K, capacity 6640K, committed 6912K, reserved 1056768K
  class space    used 607K, capacity 662K, committed 768K, reserved 1048576K
}
Event: 226980,739 GC heap before
{Heap before GC invocations=471704 (full 1982):
 PSYoungGen      total 1128960K, used 1112755K [0x000000076d300000, 0x00000007b8800000, 0x00000007c0000000)
  eden space 1112064K, 100% used [0x000000076d300000,0x00000007b1100000,0x00000007b1100000)
  from space 16896K, 4% used [0x00000007b1100000,0x00000007b11acc68,0x00000007b2180000)
  to   space 16384K, 0% used [0x00000007b7800000,0x00000007b7800000,0x00000007b8800000)
 ParOldGen       total 224768K, used 130795K [0x00000006c7800000, 0x00000006d5380000, 0x000000076d300000)
  object space 224768K, 58% used [0x00000006c7800000,0x00000006cf7bac68,0x00000006d5380000)
 Metaspace       used 6483K, capacity 6640K, committed 6912K, reserved 1056768K
  class space    used 607K, capacity 662K, committed 768K, reserved 1048576K

Deoptimization events (10 events):
Event: 154527,049 Thread 0x00007f2a3000b000 Uncommon trap: reason=unstable_if action=reinterpret pc=0x00007f2a2071fb7c method=java.io.BufferedOutputStream.write([BII)V @ 35
Event: 154527,050 Thread 0x00007f2a3000b000 Uncommon trap: reason=unstable_if action=reinterpret pc=0x00007f2a202ba178 method=java.io.ByteArrayInputStream.read([BII)I @ 63
Event: 154527,050 Thread 0x00007f2a3000b000 Uncommon trap: reason=unstable_if action=reinterpret pc=0x00007f2a20577edc method=java.io.BufferedInputStream.read1([BII)I @ 68
Event: 154527,050 Thread 0x00007f2a3000b000 Uncommon trap: reason=unstable_if action=reinterpret pc=0x00007f2a20565dd4 method=java.io.BufferedInputStream.read1([BII)I @ 68
Event: 154527,051 Thread 0x00007f2a3000b000 Uncommon trap: reason=unstable_if action=reinterpret pc=0x00007f2a20574ac0 method=java.io.BufferedInputStream.read1([BII)I @ 68
Event: 154527,922 Thread 0x00007f2a3000b000 Uncommon trap: reason=unstable_if action=reinterpret pc=0x00007f2a207bf4a8 method=java.io.BufferedOutputStream.write([BII)V @ 35
Event: 154553,335 Thread 0x00007f2a3000b000 Uncommon trap: reason=unstable_if action=reinterpret pc=0x00007f2a20631dbc method=java.io.BufferedInputStream.read()I @ 8
Event: 154553,336 Thread 0x00007f2a3000b000 Uncommon trap: reason=unstable_if action=reinterpret pc=0x00007f2a205a16fc method=java.io.BufferedInputStream.read()I @ 8
Event: 154553,336 Thread 0x00007f2a3000b000 Uncommon trap: reason=unstable_if action=reinterpret pc=0x00007f2a205a66f4 method=java.io.BufferedInputStream.read()I @ 8
Event: 154553,337 Thread 0x00007f2a3000b000 Uncommon trap: reason=unstable_if action=reinterpret pc=0x00007f2a20583ea4 method=java.io.BufferedInputStream.read()I @ 8

Classes redefined (0 events):
No events

Internal exceptions (10 events):
Event: 0,994 Thread 0x00007f2a3000b000 Exception <a 'java/lang/NoSuchFieldError': method resolution failed> (0x000000076f8180f8) thrown at [/HUDSON/workspace/8-2-build-linux-amd64/jdk8u201/12317/hotspot/src/share/vm/prims/methodHandles.cpp, line 1167]
Event: 0,995 Thread 0x00007f2a3000b000 Exception <a 'java/lang/NoSuchFieldError': method resolution failed> (0x000000076f825838) thrown at [/HUDSON/workspace/8-2-build-linux-amd64/jdk8u201/12317/hotspot/src/share/vm/prims/methodHandles.cpp, line 1167]
Event: 13713,356 Thread 0x00007f2a3000b000 Implicit null exception at 0x00007f2a2062a37e to 0x00007f2a2062ae95
Event: 16559,959 Thread 0x00007f2a3000b000 Implicit null exception at 0x00007f2a207c4f7e to 0x00007f2a207c525c
Event: 134566,763 Thread 0x00007f2a3000b000 Implicit null exception at 0x00007f2a2070ac87 to 0x00007f2a2070b541
Event: 146351,432 Thread 0x00007f2a3000b000 Exception <a 'java/lang/NoSuchMethodError': <clinit>> (0x00000007907c8cd8) thrown at [/HUDSON/workspace/8-2-build-linux-amd64/jdk8u201/12317/hotspot/src/share/vm/prims/jni.cpp, line 1613]
Event: 146351,433 Thread 0x00007f2a3000b000 Exception <a 'java/lang/NoSuchMethodError': <clinit>> (0x00000007907c9928) thrown at [/HUDSON/workspace/8-2-build-linux-amd64/jdk8u201/12317/hotspot/src/share/vm/prims/jni.cpp, line 1613]
Event: 146351,433 Thread 0x00007f2a3000b000 Exception <a 'java/lang/NoSuchMethodError': <clinit>> (0x00000007907ca498) thrown at [/HUDSON/workspace/8-2-build-linux-amd64/jdk8u201/12317/hotspot/src/share/vm/prims/jni.cpp, line 1613]
Event: 146351,434 Thread 0x00007f2a3000b000 Exception <a 'java/lang/NoSuchMethodError': <clinit>> (0x00000007907dd390) thrown at [/HUDSON/workspace/8-2-build-linux-amd64/jdk8u201/12317/hotspot/src/share/vm/prims/jni.cpp, line 1613]
Event: 146351,436 Thread 0x00007f2a3000b000 Implicit null exception at 0x00007f2a20367cea to 0x00007f2a20369699

Events (10 events):
Event: 226965,832 Executing VM operation: ParallelGCFailedAllocation done
Event: 226967,876 Executing VM operation: ParallelGCFailedAllocation
Event: 226968,027 Executing VM operation: ParallelGCFailedAllocation done
Event: 226970,362 Executing VM operation: ParallelGCFailedAllocation
Event: 226970,616 Executing VM operation: ParallelGCFailedAllocation done
Event: 226973,457 Executing VM operation: ParallelGCFailedAllocation
Event: 226973,582 Executing VM operation: ParallelGCFailedAllocation done
Event: 226976,842 Executing VM operation: ParallelGCFailedAllocation
Event: 226976,975 Executing VM operation: ParallelGCFailedAllocation done
Event: 226980,730 Executing VM operation: ParallelGCFailedAllocation


Dynamic libraries:
00400000-00401000 r-xp 00000000 08:15 3806925                            /usr/local/java/jdk1.8.0_201/jre/bin/java
00600000-00601000 r--p 00000000 08:15 3806925                            /usr/local/java/jdk1.8.0_201/jre/bin/java
00601000-00602000 rw-p 00001000 08:15 3806925                            /usr/local/java/jdk1.8.0_201/jre/bin/java
023fd000-0241e000 rw-p 00000000 00:00 0                                  [heap]
6c7800000-6d5380000 rw-p 00000000 00:00 0 
6d5380000-76d300000 ---p 00000000 00:00 0 
76d300000-7b8800000 rw-p 00000000 00:00 0 
7bfd80000-7c0000000 ---p 00000000 00:00 0 
7c0000000-7c00c0000 rw-p 00000000 00:00 0 
7c00c0000-800000000 ---p 00000000 00:00 0 
7f29b0000000-7f29b0021000 rw-p 00000000 00:00 0 
7f29b0021000-7f29b4000000 ---p 00000000 00:00 0 
7f29b4000000-7f29b4021000 rw-p 00000000 00:00 0 
7f29b4021000-7f29b8000000 ---p 00000000 00:00 0 
7f29b8000000-7f29ba346000 rw-p 00000000 00:00 0 
7f29ba346000-7f29bc000000 ---p 00000000 00:00 0 
7f29bc000000-7f29bc409000 rw-p 00000000 00:00 0 
7f29bc409000-7f29c0000000 ---p 00000000 00:00 0 
7f29c0000000-7f29c110d000 rw-p 00000000 00:00 0 
7f29c110d000-7f29c4000000 ---p 00000000 00:00 0 
7f29c4000000-7f29c5205000 rw-p 00000000 00:00 0 
7f29c5205000-7f29c8000000 ---p 00000000 00:00 0 
7f29c8000000-7f29c8021000 rw-p 00000000 00:00 0 
7f29c8021000-7f29cc000000 ---p 00000000 00:00 0 
7f29cc000000-7f29cc021000 rw-p 00000000 00:00 0 
7f29cc021000-7f29d0000000 ---p 00000000 00:00 0 
7f29d0000000-7f29d0021000 rw-p 00000000 00:00 0 
7f29d0021000-7f29d4000000 ---p 00000000 00:00 0 
7f29d43c0000-7f29dc000000 rw-p 00000000 00:00 0 
7f29dc000000-7f29dc021000 rw-p 00000000 00:00 0 
7f29dc021000-7f29e0000000 ---p 00000000 00:00 0 
7f29e0000000-7f29e02bd000 rw-p 00000000 00:00 0 
7f29e02bd000-7f29e4000000 ---p 00000000 00:00 0 
7f29e4000000-7f29e4021000 rw-p 00000000 00:00 0 
7f29e4021000-7f29e8000000 ---p 00000000 00:00 0 
7f29ec000000-7f29ec021000 rw-p 00000000 00:00 0 
7f29ec021000-7f29f0000000 ---p 00000000 00:00 0 
7f29f4000000-7f29f4021000 rw-p 00000000 00:00 0 
7f29f4021000-7f29f8000000 ---p 00000000 00:00 0 
7f29fc000000-7f29fc021000 rw-p 00000000 00:00 0 
7f29fc021000-7f2a00000000 ---p 00000000 00:00 0 
7f2a04000000-7f2a04021000 rw-p 00000000 00:00 0 
7f2a04021000-7f2a08000000 ---p 00000000 00:00 0 
7f2a09f1a000-7f2a09f1b000 ---p 00000000 00:00 0 
7f2a09f1b000-7f2a0a01b000 rw-p 00000000 00:00 0 
7f2a0a01b000-7f2a0a01e000 ---p 00000000 00:00 0 
7f2a0a01e000-7f2a0a11c000 rw-p 00000000 00:00 0 
7f2a0a11c000-7f2a0a11d000 ---p 00000000 00:00 0 
7f2a0a11d000-7f2a0a120000 ---p 00000000 00:00 0 
7f2a0a120000-7f2a0a21d000 rw-p 00000000 00:00 0 
7f2a0a21d000-7f2a0a21e000 ---p 00000000 00:00 0 
7f2a0a21e000-7f2a0a221000 ---p 00000000 00:00 0 
7f2a0a221000-7f2a0a31e000 rw-p 00000000 00:00 0 
7f2a0a31e000-7f2a0a31f000 ---p 00000000 00:00 0 
7f2a0a31f000-7f2a0a322000 ---p 00000000 00:00 0 
7f2a0a322000-7f2a0a41f000 rw-p 00000000 00:00 0 
7f2a0a41f000-7f2a0a420000 ---p 00000000 00:00 0 
7f2a0a420000-7f2a0a423000 ---p 00000000 00:00 0 
7f2a0a423000-7f2a0a520000 rw-p 00000000 00:00 0 
7f2a0a520000-7f2a0a523000 ---p 00000000 00:00 0 
7f2a0a523000-7f2a0a621000 rw-p 00000000 00:00 0 
7f2a0a621000-7f2a0aff0000 r--p 00000000 08:15 3283548                    /usr/lib/locale/locale-archive
7f2a0aff0000-7f2a0aff3000 ---p 00000000 00:00 0 
7f2a0aff3000-7f2a0b0f1000 rw-p 00000000 00:00 0 
7f2a0b0f1000-7f2a0b0f4000 ---p 00000000 00:00 0 
7f2a0b0f4000-7f2a0b1f2000 rw-p 00000000 00:00 0 
7f2a0b1f2000-7f2a0b1f3000 ---p 00000000 00:00 0 
7f2a0b1f3000-7f2a0c000000 rw-p 00000000 00:00 0 
7f2a0c000000-7f2a0c021000 rw-p 00000000 00:00 0 
7f2a0c021000-7f2a10000000 ---p 00000000 00:00 0 
7f2a10000000-7f2a10021000 rw-p 00000000 00:00 0 
7f2a10021000-7f2a14000000 ---p 00000000 00:00 0 
7f2a14000000-7f2a14021000 rw-p 00000000 00:00 0 
7f2a14021000-7f2a18000000 ---p 00000000 00:00 0 
7f2a18000000-7f2a18021000 rw-p 00000000 00:00 0 
7f2a18021000-7f2a1c000000 ---p 00000000 00:00 0 
7f2a1c04c000-7f2a1c08b000 r--s 004d9000 08:15 6851286                    /home/silvio/bibliotecas/weka-3.7.0.jar
7f2a1c08b000-7f2a1d60a000 rw-p 00000000 00:00 0 
7f2a1d60a000-7f2a1d7e4000 r--s 03d6f000 08:15 3807213                    /usr/local/java/jdk1.8.0_201/jre/lib/rt.jar
7f2a1d7e4000-7f2a1dde4000 rw-p 00000000 00:00 0 
7f2a1dde4000-7f2a1dfe4000 ---p 00000000 00:00 0 
7f2a1dfe4000-7f2a1e7a8000 rw-p 00000000 00:00 0 
7f2a1e7a8000-7f2a1e7a9000 ---p 00000000 00:00 0 
7f2a1e7a9000-7f2a1e8a9000 rw-p 00000000 00:00 0 
7f2a1e8a9000-7f2a1e8aa000 ---p 00000000 00:00 0 
7f2a1e8aa000-7f2a1e9aa000 rw-p 00000000 00:00 0 
7f2a1e9aa000-7f2a1e9ab000 ---p 00000000 00:00 0 
7f2a1e9ab000-7f2a1eaab000 rw-p 00000000 00:00 0 
7f2a1eaab000-7f2a1eaac000 ---p 00000000 00:00 0 
7f2a1eaac000-7f2a1ebac000 rw-p 00000000 00:00 0 
7f2a1ebac000-7f2a1ebad000 ---p 00000000 00:00 0 
7f2a1ebad000-7f2a1ecad000 rw-p 00000000 00:00 0 
7f2a1ecad000-7f2a1ecae000 ---p 00000000 00:00 0 
7f2a1ecae000-7f2a1edae000 rw-p 00000000 00:00 0 
7f2a1edae000-7f2a1edaf000 ---p 00000000 00:00 0 
7f2a1edaf000-7f2a1eeaf000 rw-p 00000000 00:00 0 
7f2a1eeaf000-7f2a1eeb0000 ---p 00000000 00:00 0 
7f2a1eeb0000-7f2a1efb0000 rw-p 00000000 00:00 0 
7f2a1efb0000-7f2a1efb1000 ---p 00000000 00:00 0 
7f2a1efb1000-7f2a1f11f000 rw-p 00000000 00:00 0 
7f2a1f11f000-7f2a1f5df000 ---p 00000000 00:00 0 
7f2a1f5df000-7f2a1f64d000 rw-p 00000000 00:00 0 
7f2a1f64d000-7f2a1fb0c000 ---p 00000000 00:00 0 
7f2a1fb0c000-7f2a1fd67000 rw-p 00000000 00:00 0 
7f2a1fd67000-7f2a1fda3000 ---p 00000000 00:00 0 
7f2a1fda3000-7f2a1fdc3000 rw-p 00000000 00:00 0 
7f2a1fdc3000-7f2a20164000 ---p 00000000 00:00 0 
7f2a20164000-7f2a20904000 rwxp 00000000 00:00 0 
7f2a20904000-7f2a2f164000 ---p 00000000 00:00 0 
7f2a2f164000-7f2a2f17f000 r-xp 00000000 08:15 3808228                    /usr/local/java/jdk1.8.0_201/jre/lib/amd64/libzip.so
7f2a2f17f000-7f2a2f37e000 ---p 0001b000 08:15 3808228                    /usr/local/java/jdk1.8.0_201/jre/lib/amd64/libzip.so
7f2a2f37e000-7f2a2f37f000 r--p 0001a000 08:15 3808228                    /usr/local/java/jdk1.8.0_201/jre/lib/amd64/libzip.so
7f2a2f37f000-7f2a2f380000 rw-p 0001b000 08:15 3808228                    /usr/local/java/jdk1.8.0_201/jre/lib/amd64/libzip.so
7f2a2f380000-7f2a2f38b000 r-xp 00000000 08:15 1446754                    /lib/x86_64-linux-gnu/libnss_files-2.27.so
7f2a2f38b000-7f2a2f58a000 ---p 0000b000 08:15 1446754                    /lib/x86_64-linux-gnu/libnss_files-2.27.so
7f2a2f58a000-7f2a2f58b000 r--p 0000a000 08:15 1446754                    /lib/x86_64-linux-gnu/libnss_files-2.27.so
7f2a2f58b000-7f2a2f58c000 rw-p 0000b000 08:15 1446754                    /lib/x86_64-linux-gnu/libnss_files-2.27.so
7f2a2f58c000-7f2a2f592000 rw-p 00000000 00:00 0 
7f2a2f592000-7f2a2f5a9000 r-xp 00000000 08:15 1446748                    /lib/x86_64-linux-gnu/libnsl-2.27.so
7f2a2f5a9000-7f2a2f7a8000 ---p 00017000 08:15 1446748                    /lib/x86_64-linux-gnu/libnsl-2.27.so
7f2a2f7a8000-7f2a2f7a9000 r--p 00016000 08:15 1446748                    /lib/x86_64-linux-gnu/libnsl-2.27.so
7f2a2f7a9000-7f2a2f7aa000 rw-p 00017000 08:15 1446748                    /lib/x86_64-linux-gnu/libnsl-2.27.so
7f2a2f7aa000-7f2a2f7ac000 rw-p 00000000 00:00 0 
7f2a2f7ac000-7f2a2f7b7000 r-xp 00000000 08:15 1446765                    /lib/x86_64-linux-gnu/libnss_nis-2.27.so
7f2a2f7b7000-7f2a2f9b6000 ---p 0000b000 08:15 1446765                    /lib/x86_64-linux-gnu/libnss_nis-2.27.so
7f2a2f9b6000-7f2a2f9b7000 r--p 0000a000 08:15 1446765                    /lib/x86_64-linux-gnu/libnss_nis-2.27.so
7f2a2f9b7000-7f2a2f9b8000 rw-p 0000b000 08:15 1446765                    /lib/x86_64-linux-gnu/libnss_nis-2.27.so
7f2a2f9b8000-7f2a2f9c0000 r-xp 00000000 08:15 1446750                    /lib/x86_64-linux-gnu/libnss_compat-2.27.so
7f2a2f9c0000-7f2a2fbc0000 ---p 00008000 08:15 1446750                    /lib/x86_64-linux-gnu/libnss_compat-2.27.so
7f2a2fbc0000-7f2a2fbc1000 r--p 00008000 08:15 1446750                    /lib/x86_64-linux-gnu/libnss_compat-2.27.so
7f2a2fbc1000-7f2a2fbc2000 rw-p 00009000 08:15 1446750                    /lib/x86_64-linux-gnu/libnss_compat-2.27.so
7f2a2fbc2000-7f2a2fbee000 r-xp 00000000 08:15 3808222                    /usr/local/java/jdk1.8.0_201/jre/lib/amd64/libjava.so
7f2a2fbee000-7f2a2fdee000 ---p 0002c000 08:15 3808222                    /usr/local/java/jdk1.8.0_201/jre/lib/amd64/libjava.so
7f2a2fdee000-7f2a2fdef000 r--p 0002c000 08:15 3808222                    /usr/local/java/jdk1.8.0_201/jre/lib/amd64/libjava.so
7f2a2fdef000-7f2a2fdf1000 rw-p 0002d000 08:15 3808222                    /usr/local/java/jdk1.8.0_201/jre/lib/amd64/libjava.so
7f2a2fdf1000-7f2a2fdfe000 r-xp 00000000 08:15 3808227                    /usr/local/java/jdk1.8.0_201/jre/lib/amd64/libverify.so
7f2a2fdfe000-7f2a2fffd000 ---p 0000d000 08:15 3808227                    /usr/local/java/jdk1.8.0_201/jre/lib/amd64/libverify.so
7f2a2fffd000-7f2a2ffff000 r--p 0000c000 08:15 3808227                    /usr/local/java/jdk1.8.0_201/jre/lib/amd64/libverify.so
7f2a2ffff000-7f2a30000000 rw-p 0000e000 08:15 3808227                    /usr/local/java/jdk1.8.0_201/jre/lib/amd64/libverify.so
7f2a30000000-7f2a3052d000 rw-p 00000000 00:00 0 
7f2a3052d000-7f2a34000000 ---p 00000000 00:00 0 
7f2a3400c000-7f2a340d1000 rw-p 00000000 00:00 0 
7f2a340d1000-7f2a340d2000 ---p 00000000 00:00 0 
7f2a340d2000-7f2a341d2000 rw-p 00000000 00:00 0 
7f2a341d2000-7f2a341d9000 r-xp 00000000 08:15 1446805                    /lib/x86_64-linux-gnu/librt-2.27.so
7f2a341d9000-7f2a343d8000 ---p 00007000 08:15 1446805                    /lib/x86_64-linux-gnu/librt-2.27.so
7f2a343d8000-7f2a343d9000 r--p 00006000 08:15 1446805                    /lib/x86_64-linux-gnu/librt-2.27.so
7f2a343d9000-7f2a343da000 rw-p 00007000 08:15 1446805                    /lib/x86_64-linux-gnu/librt-2.27.so
7f2a343da000-7f2a34577000 r-xp 00000000 08:15 1446727                    /lib/x86_64-linux-gnu/libm-2.27.so
7f2a34577000-7f2a34776000 ---p 0019d000 08:15 1446727                    /lib/x86_64-linux-gnu/libm-2.27.so
7f2a34776000-7f2a34777000 r--p 0019c000 08:15 1446727                    /lib/x86_64-linux-gnu/libm-2.27.so
7f2a34777000-7f2a34778000 rw-p 0019d000 08:15 1446727                    /lib/x86_64-linux-gnu/libm-2.27.so
7f2a34778000-7f2a35460000 r-xp 00000000 08:15 3808204                    /usr/local/java/jdk1.8.0_201/jre/lib/amd64/server/libjvm.so
7f2a35460000-7f2a3565f000 ---p 00ce8000 08:15 3808204                    /usr/local/java/jdk1.8.0_201/jre/lib/amd64/server/libjvm.so
7f2a3565f000-7f2a356f5000 r--p 00ce7000 08:15 3808204                    /usr/local/java/jdk1.8.0_201/jre/lib/amd64/server/libjvm.so
7f2a356f5000-7f2a35726000 rw-p 00d7d000 08:15 3808204                    /usr/local/java/jdk1.8.0_201/jre/lib/amd64/server/libjvm.so
7f2a35726000-7f2a35761000 rw-p 00000000 00:00 0 
7f2a35761000-7f2a35948000 r-xp 00000000 08:15 1446664                    /lib/x86_64-linux-gnu/libc-2.27.so
7f2a35948000-7f2a35b48000 ---p 001e7000 08:15 1446664                    /lib/x86_64-linux-gnu/libc-2.27.so
7f2a35b48000-7f2a35b4c000 r--p 001e7000 08:15 1446664                    /lib/x86_64-linux-gnu/libc-2.27.so
7f2a35b4c000-7f2a35b4e000 rw-p 001eb000 08:15 1446664                    /lib/x86_64-linux-gnu/libc-2.27.so
7f2a35b4e000-7f2a35b52000 rw-p 00000000 00:00 0 
7f2a35b52000-7f2a35b55000 r-xp 00000000 08:15 1446687                    /lib/x86_64-linux-gnu/libdl-2.27.so
7f2a35b55000-7f2a35d54000 ---p 00003000 08:15 1446687                    /lib/x86_64-linux-gnu/libdl-2.27.so
7f2a35d54000-7f2a35d55000 r--p 00002000 08:15 1446687                    /lib/x86_64-linux-gnu/libdl-2.27.so
7f2a35d55000-7f2a35d56000 rw-p 00003000 08:15 1446687                    /lib/x86_64-linux-gnu/libdl-2.27.so
7f2a35d56000-7f2a35d6d000 r-xp 00000000 08:15 3808199                    /usr/local/java/jdk1.8.0_201/jre/lib/amd64/jli/libjli.so
7f2a35d6d000-7f2a35f6c000 ---p 00017000 08:15 3808199                    /usr/local/java/jdk1.8.0_201/jre/lib/amd64/jli/libjli.so
7f2a35f6c000-7f2a35f6d000 r--p 00016000 08:15 3808199                    /usr/local/java/jdk1.8.0_201/jre/lib/amd64/jli/libjli.so
7f2a35f6d000-7f2a35f6e000 rw-p 00017000 08:15 3808199                    /usr/local/java/jdk1.8.0_201/jre/lib/amd64/jli/libjli.so
7f2a35f6e000-7f2a35f88000 r-xp 00000000 08:15 1446797                    /lib/x86_64-linux-gnu/libpthread-2.27.so
7f2a35f88000-7f2a36187000 ---p 0001a000 08:15 1446797                    /lib/x86_64-linux-gnu/libpthread-2.27.so
7f2a36187000-7f2a36188000 r--p 00019000 08:15 1446797                    /lib/x86_64-linux-gnu/libpthread-2.27.so
7f2a36188000-7f2a36189000 rw-p 0001a000 08:15 1446797                    /lib/x86_64-linux-gnu/libpthread-2.27.so
7f2a36189000-7f2a3618d000 rw-p 00000000 00:00 0 
7f2a3618d000-7f2a361b4000 r-xp 00000000 08:15 1446636                    /lib/x86_64-linux-gnu/ld-2.27.so
7f2a361ca000-7f2a3629b000 rw-p 00000000 00:00 0 
7f2a3629b000-7f2a3629c000 ---p 00000000 00:00 0 
7f2a3629c000-7f2a3629f000 ---p 00000000 00:00 0 
7f2a3629f000-7f2a363a0000 rw-p 00000000 00:00 0 
7f2a363a6000-7f2a363aa000 r--s 000a1000 08:15 3808068                    /usr/local/java/jdk1.8.0_201/jre/lib/jsse.jar
7f2a363aa000-7f2a363b2000 rw-s 00000000 08:15 6557491                    /tmp/hsperfdata_silvio/11259
7f2a363b2000-7f2a363b3000 rw-p 00000000 00:00 0 
7f2a363b3000-7f2a363b4000 ---p 00000000 00:00 0 
7f2a363b4000-7f2a363b5000 r--p 00027000 08:15 1446636                    /lib/x86_64-linux-gnu/ld-2.27.so
7f2a363b5000-7f2a363b6000 rw-p 00028000 08:15 1446636                    /lib/x86_64-linux-gnu/ld-2.27.so
7f2a363b6000-7f2a363b7000 rw-p 00000000 00:00 0 
7ffd8a3d9000-7ffd8a3fa000 rw-p 00000000 00:00 0                          [stack]
7ffd8a3fa000-7ffd8a3fd000 r--p 00000000 00:00 0                          [vvar]
7ffd8a3fd000-7ffd8a3ff000 r-xp 00000000 00:00 0                          [vdso]
ffffffffff600000-ffffffffff601000 r-xp 00000000 00:00 0                  [vsyscall]

VM Arguments:
jvm_args: -Dfile.encoding=UTF-8 
java_command: NSLKDD.ValidacaoNSLKDD
java_class_path (initial): /home/silvio/bibliotecas/weka-3.7.0.jar:/home/silvio/NetBeansProjects/inteligenciacomputacional/build/classes
Launcher Type: SUN_STANDARD

Environment Variables:
JAVA_HOME=/usr/lib/jvm/java-8-oracle
PATH=/home/silvio/.local/bin:/usr/local/sbin:/usr/local/bin:/usr/sbin:/usr/bin:/sbin:/bin:/usr/games:/usr/local/games:/snap/bin:/usr/lib/jvm/java-8-oracle/bin:/usr/lib/jvm/java-8-oracle/db/bin:/usr/lib/jvm/java-8-oracle/jre/bin
USERNAME=silvio
SHELL=/bin/bash
DISPLAY=:0

Signal Handlers:
SIGSEGV: [libjvm.so+0xad3e60], sa_mask[0]=11111111011111111101111111111110, sa_flags=SA_RESTART|SA_SIGINFO
SIGBUS: [libjvm.so+0xad3e60], sa_mask[0]=11111111011111111101111111111110, sa_flags=SA_RESTART|SA_SIGINFO
SIGFPE: [libjvm.so+0x90b880], sa_mask[0]=11111111011111111101111111111110, sa_flags=SA_RESTART|SA_SIGINFO
SIGPIPE: [libjvm.so+0x90b880], sa_mask[0]=11111111011111111101111111111110, sa_flags=SA_RESTART|SA_SIGINFO
SIGXFSZ: [libjvm.so+0x90b880], sa_mask[0]=11111111011111111101111111111110, sa_flags=SA_RESTART|SA_SIGINFO
SIGILL: [libjvm.so+0x90b880], sa_mask[0]=11111111011111111101111111111110, sa_flags=SA_RESTART|SA_SIGINFO
SIGUSR1: SIG_DFL, sa_mask[0]=00000000000000000000000000000000, sa_flags=none
SIGUSR2: [libjvm.so+0x90b750], sa_mask[0]=00100000000000000000000000000000, sa_flags=SA_RESTART|SA_SIGINFO
SIGHUP: [libjvm.so+0x90bd70], sa_mask[0]=11111111011111111101111111111110, sa_flags=SA_RESTART|SA_SIGINFO
SIGINT: SIG_IGN, sa_mask[0]=00000000000000000000000000000000, sa_flags=none
SIGTERM: [libjvm.so+0x90bd70], sa_mask[0]=11111111011111111101111111111110, sa_flags=SA_RESTART|SA_SIGINFO
SIGQUIT: [libjvm.so+0x90bd70], sa_mask[0]=11111111011111111101111111111110, sa_flags=SA_RESTART|SA_SIGINFO


---------------  S Y S T E M  ---------------

OS:DISTRIB_ID=Ubuntu
DISTRIB_RELEASE=18.04
DISTRIB_CODENAME=bionic
DISTRIB_DESCRIPTION="Ubuntu 18.04.2 LTS"

uname:Linux 4.18.0-17-generic #18~18.04.1-Ubuntu SMP Fri Mar 15 15:27:12 UTC 2019 x86_64
libc:glibc 2.27 NPTL 2.27 
rlimit: STACK 8192k, CORE 0k, NPROC 63202, NOFILE 1048576, AS infinity
load average:5,14 4,07 3,74

/proc/meminfo:
MemTotal:       16282364 kB
MemFree:          144552 kB
MemAvailable:       5568 kB
Buffers:             748 kB
Cached:           167120 kB
SwapCached:        76968 kB
Active:         14580896 kB
Inactive:        1221232 kB
Active(anon):   14576744 kB
Inactive(anon):  1214812 kB
Active(file):       4152 kB
Inactive(file):     6420 kB
Unevictable:       10212 kB
Mlocked:           10212 kB
SwapTotal:       2097148 kB
SwapFree:             84 kB
Dirty:                36 kB
Writeback:           184 kB
AnonPages:      15568604 kB
Mapped:            72816 kB
Shmem:            147288 kB
Slab:             141260 kB
SReclaimable:      55812 kB
SUnreclaim:        85448 kB
KernelStack:       13776 kB
PageTables:        78532 kB
NFS_Unstable:          0 kB
Bounce:                0 kB
WritebackTmp:          0 kB
CommitLimit:    10238328 kB
Committed_AS:   19808212 kB
VmallocTotal:   34359738367 kB
VmallocUsed:           0 kB
VmallocChunk:          0 kB
HardwareCorrupted:     0 kB
AnonHugePages:         0 kB
ShmemHugePages:        0 kB
ShmemPmdMapped:        0 kB
CmaTotal:              0 kB
CmaFree:               0 kB
HugePages_Total:       0
HugePages_Free:        0
HugePages_Rsvd:        0
HugePages_Surp:        0
Hugepagesize:       2048 kB
Hugetlb:               0 kB
DirectMap4k:      384600 kB
DirectMap2M:    12056576 kB
DirectMap1G:     4194304 kB

container (cgroup) information:
container_type: cgroupv1
cpu_cpuset_cpus: 0-11
cpu_memory_nodes: 0
active_processor_count: 12
cpu_quota: -1
cpu_period: 100000
cpu_shares: -1
memory_limit_in_bytes: -1
memory_and_swap_limit_in_bytes: -2
memory_soft_limit_in_bytes: -1
memory_usage_in_bytes: 16114012160
memory_max_usage_in_bytes: 0


CPU:total 12 (initial active 12) (6 cores per cpu, 2 threads per core) family 6 model 158 stepping 10, cmov, cx8, fxsr, mmx, sse, sse2, sse3, ssse3, sse4.1, sse4.2, popcnt, avx, avx2, aes, clmul, erms, rtm, 3dnowpref, lzcnt, ht, tsc, tscinvbit, bmi1, bmi2, adx

/proc/cpuinfo:
processor	: 0
vendor_id	: GenuineIntel
cpu family	: 6
model		: 158
model name	: Intel(R) Core(TM) i7-8700 CPU @ 3.20GHz
stepping	: 10
microcode	: 0x96
cpu MHz		: 4299.999
cache size	: 12288 KB
physical id	: 0
siblings	: 12
core id		: 0
cpu cores	: 6
apicid		: 0
initial apicid	: 0
fpu		: yes
fpu_exception	: yes
cpuid level	: 22
wp		: yes
flags		: fpu vme de pse tsc msr pae mce cx8 apic sep mtrr pge mca cmov pat pse36 clflush dts acpi mmx fxsr sse sse2 ss ht tm pbe syscall nx pdpe1gb rdtscp lm constant_tsc art arch_perfmon pebs bts rep_good nopl xtopology nonstop_tsc cpuid aperfmperf tsc_known_freq pni pclmulqdq dtes64 monitor ds_cpl vmx smx est tm2 ssse3 sdbg fma cx16 xtpr pdcm pcid sse4_1 sse4_2 x2apic movbe popcnt tsc_deadline_timer aes xsave avx f16c rdrand lahf_lm abm 3dnowprefetch cpuid_fault invpcid_single pti ssbd ibrs ibpb stibp tpr_shadow vnmi flexpriority ept vpid fsgsbase tsc_adjust bmi1 hle avx2 smep bmi2 erms invpcid rtm mpx rdseed adx smap clflushopt intel_pt xsaveopt xsavec xgetbv1 xsaves dtherm ida arat pln pts hwp hwp_notify hwp_act_window hwp_epp flush_l1d
bugs		: cpu_meltdown spectre_v1 spectre_v2 spec_store_bypass l1tf
bogomips	: 6384.00
clflush size	: 64
cache_alignment	: 64
address sizes	: 39 bits physical, 48 bits virtual
power management:

processor	: 1
vendor_id	: GenuineIntel
cpu family	: 6
model		: 158
model name	: Intel(R) Core(TM) i7-8700 CPU @ 3.20GHz
stepping	: 10
microcode	: 0x96
cpu MHz		: 4299.205
cache size	: 12288 KB
physical id	: 0
siblings	: 12
core id		: 1
cpu cores	: 6
apicid		: 2
initial apicid	: 2
fpu		: yes
fpu_exception	: yes
cpuid level	: 22
wp		: yes
flags		: fpu vme de pse tsc msr pae mce cx8 apic sep mtrr pge mca cmov pat pse36 clflush dts acpi mmx fxsr sse sse2 ss ht tm pbe syscall nx pdpe1gb rdtscp lm constant_tsc art arch_perfmon pebs bts rep_good nopl xtopology nonstop_tsc cpuid aperfmperf tsc_known_freq pni pclmulqdq dtes64 monitor ds_cpl vmx smx est tm2 ssse3 sdbg fma cx16 xtpr pdcm pcid sse4_1 sse4_2 x2apic movbe popcnt tsc_deadline_timer aes xsave avx f16c rdrand lahf_lm abm 3dnowprefetch cpuid_fault invpcid_single pti ssbd ibrs ibpb stibp tpr_shadow vnmi flexpriority ept vpid fsgsbase tsc_adjust bmi1 hle avx2 smep bmi2 erms invpcid rtm mpx rdseed adx smap clflushopt intel_pt xsaveopt xsavec xgetbv1 xsaves dtherm ida arat pln pts hwp hwp_notify hwp_act_window hwp_epp flush_l1d
bugs		: cpu_meltdown spectre_v1 spectre_v2 spec_store_bypass l1tf
bogomips	: 6384.00
clflush size	: 64
cache_alignment	: 64
address sizes	: 39 bits physical, 48 bits virtual
power management:

processor	: 2
vendor_id	: GenuineIntel
cpu family	: 6
model		: 158
model name	: Intel(R) Core(TM) i7-8700 CPU @ 3.20GHz
stepping	: 10
microcode	: 0x96
cpu MHz		: 4299.476
cache size	: 12288 KB
physical id	: 0
siblings	: 12
core id		: 2
cpu cores	: 6
apicid		: 4
initial apicid	: 4
fpu		: yes
fpu_exception	: yes
cpuid level	: 22
wp		: yes
flags		: fpu vme de pse tsc msr pae mce cx8 apic sep mtrr pge mca cmov pat pse36 clflush dts acpi mmx fxsr sse sse2 ss ht tm pbe syscall nx pdpe1gb rdtscp lm constant_tsc art arch_perfmon pebs bts rep_good nopl xtopology nonstop_tsc cpuid aperfmperf tsc_known_freq pni pclmulqdq dtes64 monitor ds_cpl vmx smx est tm2 ssse3 sdbg fma cx16 xtpr pdcm pcid sse4_1 sse4_2 x2apic movbe popcnt tsc_deadline_timer aes xsave avx f16c rdrand lahf_lm abm 3dnowprefetch cpuid_fault invpcid_single pti ssbd ibrs ibpb stibp tpr_shadow vnmi flexpriority ept vpid fsgsbase tsc_adjust bmi1 hle avx2 smep bmi2 erms invpcid rtm mpx rdseed adx smap clflushopt intel_pt xsaveopt xsavec xgetbv1 xsaves dtherm ida arat pln pts hwp hwp_notify hwp_act_window hwp_epp flush_l1d
bugs		: cpu_meltdown spectre_v1 spectre_v2 spec_store_bypass l1tf
bogomips	: 6384.00
clflush size	: 64
cache_alignment	: 64
address sizes	: 39 bits physical, 48 bits virtual
power management:

processor	: 3
vendor_id	: GenuineIntel
cpu family	: 6
model		: 158
model name	: Intel(R) Core(TM) i7-8700 CPU @ 3.20GHz
stepping	: 10
microcode	: 0x96
cpu MHz		: 4277.596
cache size	: 12288 KB
physical id	: 0
siblings	: 12
core id		: 3
cpu cores	: 6
apicid		: 6
initial apicid	: 6
fpu		: yes
fpu_exception	: yes
cpuid level	: 22
wp		: yes
flags		: fpu vme de pse tsc msr pae mce cx8 apic sep mtrr pge mca cmov pat pse36 clflush dts acpi mmx fxsr sse sse2 ss ht tm pbe syscall nx pdpe1gb rdtscp lm constant_tsc art arch_perfmon pebs bts rep_good nopl xtopology nonstop_tsc cpuid aperfmperf tsc_known_freq pni pclmulqdq dtes64 monitor ds_cpl vmx smx est tm2 ssse3 sdbg fma cx16 xtpr pdcm pcid sse4_1 sse4_2 x2apic movbe popcnt tsc_deadline_timer aes xsave avx f16c rdrand lahf_lm abm 3dnowprefetch cpuid_fault invpcid_single pti ssbd ibrs ibpb stibp tpr_shadow vnmi flexpriority ept vpid fsgsbase tsc_adjust bmi1 hle avx2 smep bmi2 erms invpcid rtm mpx rdseed adx smap clflushopt intel_pt xsaveopt xsavec xgetbv1 xsaves dtherm ida arat pln pts hwp hwp_notify hwp_act_window hwp_epp flush_l1d
bugs		: cpu_meltdown spectre_v1 spectre_v2 spec_store_bypass l1tf
bogomips	: 6384.00
clflush size	: 64
cache_alignment	: 64
address sizes	: 39 bits physical, 48 bits virtual
power management:

processor	: 4
vendor_id	: GenuineIntel
cpu family	: 6
model		: 158
model name	: Intel(R) Core(TM) i7-8700 CPU @ 3.20GHz
stepping	: 10
microcode	: 0x96
cpu MHz		: 4300.537
cache size	: 12288 KB
physical id	: 0
siblings	: 12
core id		: 4
cpu cores	: 6
apicid		: 8
initial apicid	: 8
fpu		: yes
fpu_exception	: yes
cpuid level	: 22
wp		: yes
flags		: fpu vme de pse tsc msr pae mce cx8 apic sep mtrr pge mca cmov pat pse36 clflush dts acpi mmx fxsr sse sse2 ss ht tm pbe syscall nx pdpe1gb rdtscp lm constant_tsc art arch_perfmon pebs bts rep_good nopl xtopology nonstop_tsc cpuid aperfmperf tsc_known_freq pni pclmulqdq dtes64 monitor ds_cpl vmx smx est tm2 ssse3 sdbg fma cx16 xtpr pdcm pcid sse4_1 sse4_2 x2apic movbe popcnt tsc_deadline_timer aes xsave avx f16c rdrand lahf_lm abm 3dnowprefetch cpuid_fault invpcid_single pti ssbd ibrs ibpb stibp tpr_shadow vnmi flexpriority ept vpid fsgsbase tsc_adjust bmi1 hle avx2 smep bmi2 erms invpcid rtm mpx rdseed adx smap clflushopt intel_pt xsaveopt xsavec xgetbv1 xsaves dtherm ida arat pln pts hwp hwp_notify hwp_act_window hwp_epp flush_l1d
bugs		: cpu_meltdown spectre_v1 spectre_v2 spec_store_bypass l1tf
bogomips	: 6384.00
clflush size	: 64
cache_alignment	: 64
address sizes	: 39 bits physical, 48 bits virtual
power management:

processor	: 5
vendor_id	: GenuineIntel
cpu family	: 6
model		: 158
model name	: Intel(R) Core(TM) i7-8700 CPU @ 3.20GHz
stepping	: 10
microcode	: 0x96
cpu MHz		: 4300.346
cache size	: 12288 KB
physical id	: 0
siblings	: 12
core id		: 5
cpu cores	: 6
apicid		: 10
initial apicid	: 10
fpu		: yes
fpu_exception	: yes
cpuid level	: 22
wp		: yes
flags		: fpu vme de pse tsc msr pae mce cx8 apic sep mtrr pge mca cmov pat pse36 clflush dts acpi mmx fxsr sse sse2 ss ht tm pbe syscall nx pdpe1gb rdtscp lm constant_tsc art arch_perfmon pebs bts rep_good nopl xtopology nonstop_tsc cpuid aperfmperf tsc_known_freq pni pclmulqdq dtes64 monitor ds_cpl vmx smx est tm2 ssse3 sdbg fma cx16 xtpr pdcm pcid sse4_1 sse4_2 x2apic movbe popcnt tsc_deadline_timer aes xsave avx f16c rdrand lahf_lm abm 3dnowprefetch cpuid_fault invpcid_single pti ssbd ibrs ibpb stibp tpr_shadow vnmi flexpriority ept vpid fsgsbase tsc_adjust bmi1 hle avx2 smep bmi2 erms invpcid rtm mpx rdseed adx smap clflushopt intel_pt xsaveopt xsavec xgetbv1 xsaves dtherm ida arat pln pts hwp hwp_notify hwp_act_window hwp_epp flush_l1d
bugs		: cpu_meltdown spectre_v1 spectre_v2 spec_store_bypass l1tf
bogomips	: 6384.00
clflush size	: 64
cache_alignment	: 64
address sizes	: 39 bits physical, 48 bits virtual
power management:

processor	: 6
vendor_id	: GenuineIntel
cpu family	: 6
model		: 158
model name	: Intel(R) Core(TM) i7-8700 CPU @ 3.20GHz
stepping	: 10
microcode	: 0x96
cpu MHz		: 4297.286
cache size	: 12288 KB
physical id	: 0
siblings	: 12
core id		: 0
cpu cores	: 6
apicid		: 1
initial apicid	: 1
fpu		: yes
fpu_exception	: yes
cpuid level	: 22
wp		: yes
flags		: fpu vme de pse tsc msr pae mce cx8 apic sep mtrr pge mca cmov pat pse36 clflush dts acpi mmx fxsr sse sse2 ss ht tm pbe syscall nx pdpe1gb rdtscp lm constant_tsc art arch_perfmon pebs bts rep_good nopl xtopology nonstop_tsc cpuid aperfmperf tsc_known_freq pni pclmulqdq dtes64 monitor ds_cpl vmx smx est tm2 ssse3 sdbg fma cx16 xtpr pdcm pcid sse4_1 sse4_2 x2apic movbe popcnt tsc_deadline_timer aes xsave avx f16c rdrand lahf_lm abm 3dnowprefetch cpuid_fault invpcid_single pti ssbd ibrs ibpb stibp tpr_shadow vnmi flexpriority ept vpid fsgsbase tsc_adjust bmi1 hle avx2 smep bmi2 erms invpcid rtm mpx rdseed adx smap clflushopt intel_pt xsaveopt xsavec xgetbv1 xsaves dtherm ida arat pln pts hwp hwp_notify hwp_act_window hwp_epp flush_l1d
bugs		: cpu_meltdown spectre_v1 spectre_v2 spec_store_bypass l1tf
bogomips	: 6384.00
clflush size	: 64
cache_alignment	: 64
address sizes	: 39 bits physical, 48 bits virtual
power management:

processor	: 7
vendor_id	: GenuineIntel
cpu family	: 6
model		: 158
model name	: Intel(R) Core(TM) i7-8700 CPU @ 3.20GHz
stepping	: 10
microcode	: 0x96
cpu MHz		: 4051.384
cache size	: 12288 KB
physical id	: 0
siblings	: 12
core id		: 1
cpu cores	: 6
apicid		: 3
initial apicid	: 3
fpu		: yes
fpu_exception	: yes
cpuid level	: 22
wp		: yes
flags		: fpu vme de pse tsc msr pae mce cx8 apic sep mtrr pge mca cmov pat pse36 clflush dts acpi mmx fxsr sse sse2 ss ht tm pbe syscall nx pdpe1gb rdtscp lm constant_tsc art arch_perfmon pebs bts rep_good nopl xtopology nonstop_tsc cpuid aperfmperf tsc_known_freq pni pclmulqdq dtes64 monitor ds_cpl vmx smx est tm2 ssse3 sdbg fma cx16 xtpr pdcm pcid sse4_1 sse4_2 x2apic movbe popcnt tsc_deadline_timer aes xsave avx f16c rdrand lahf_lm abm 3dnowprefetch cpuid_fault invpcid_single pti ssbd ibrs ibpb stibp tpr_shadow vnmi flexpriority ept vpid fsgsbase tsc_adjust bmi1 hle avx2 smep bmi2 erms invpcid rtm mpx rdseed adx smap clflushopt intel_pt xsaveopt xsavec xgetbv1 xsaves dtherm ida arat pln pts hwp hwp_notify hwp_act_window hwp_epp flush_l1d
bugs		: cpu_meltdown spectre_v1 spectre_v2 spec_store_bypass l1tf
bogomips	: 6384.00
clflush size	: 64
cache_alignment	: 64
address sizes	: 39 bits physical, 48 bits virtual
power management:

processor	: 8
vendor_id	: GenuineIntel
cpu family	: 6
model		: 158
model name	: Intel(R) Core(TM) i7-8700 CPU @ 3.20GHz
stepping	: 10
microcode	: 0x96
cpu MHz		: 4299.938
cache size	: 12288 KB
physical id	: 0
siblings	: 12
core id		: 2
cpu cores	: 6
apicid		: 5
initial apicid	: 5
fpu		: yes
fpu_exception	: yes
cpuid level	: 22
wp		: yes
flags		: fpu vme de pse tsc msr pae mce cx8 apic sep mtrr pge mca cmov pat pse36 clflush dts acpi mmx fxsr sse sse2 ss ht tm pbe syscall nx pdpe1gb rdtscp lm constant_tsc art arch_perfmon pebs bts rep_good nopl xtopology nonstop_tsc cpuid aperfmperf tsc_known_freq pni pclmulqdq dtes64 monitor ds_cpl vmx smx est tm2 ssse3 sdbg fma cx16 xtpr pdcm pcid sse4_1 sse4_2 x2apic movbe popcnt tsc_deadline_timer aes xsave avx f16c rdrand lahf_lm abm 3dnowprefetch cpuid_fault invpcid_single pti ssbd ibrs ibpb stibp tpr_shadow vnmi flexpriority ept vpid fsgsbase tsc_adjust bmi1 hle avx2 smep bmi2 erms invpcid rtm mpx rdseed adx smap clflushopt intel_pt xsaveopt xsavec xgetbv1 xsaves dtherm ida arat pln pts hwp hwp_notify hwp_act_window hwp_epp flush_l1d
bugs		: cpu_meltdown spectre_v1 spectre_v2 spec_store_bypass l1tf
bogomips	: 6384.00
clflush size	: 64
cache_alignment	: 64
address sizes	: 39 bits physical, 48 bits virtual
power management:

processor	: 9
vendor_id	: GenuineIntel
cpu family	: 6
model		: 158
model name	: Intel(R) Core(TM) i7-8700 CPU @ 3.20GHz
stepping	: 10
microcode	: 0x96
cpu MHz		: 4300.193
cache size	: 12288 KB
physical id	: 0
siblings	: 12
core id		: 3
cpu cores	: 6
apicid		: 7
initial apicid	: 7
fpu		: yes
fpu_exception	: yes
cpuid level	: 22
wp		: yes
flags		: fpu vme de pse tsc msr pae mce cx8 apic sep mtrr pge mca cmov pat pse36 clflush dts acpi mmx fxsr sse sse2 ss ht tm pbe syscall nx pdpe1gb rdtscp lm constant_tsc art arch_perfmon pebs bts rep_good nopl xtopology nonstop_tsc cpuid aperfmperf tsc_known_freq pni pclmulqdq dtes64 monitor ds_cpl vmx smx est tm2 ssse3 sdbg fma cx16 xtpr pdcm pcid sse4_1 sse4_2 x2apic movbe popcnt tsc_deadline_timer aes xsave avx f16c rdrand lahf_lm abm 3dnowprefetch cpuid_fault invpcid_single pti ssbd ibrs ibpb stibp tpr_shadow vnmi flexpriority ept vpid fsgsbase tsc_adjust bmi1 hle avx2 smep bmi2 erms invpcid rtm mpx rdseed adx smap clflushopt intel_pt xsaveopt xsavec xgetbv1 xsaves dtherm ida arat pln pts hwp hwp_notify hwp_act_window hwp_epp flush_l1d
bugs		: cpu_meltdown spectre_v1 spectre_v2 spec_store_bypass l1tf
bogomips	: 6384.00
clflush size	: 64
cache_alignment	: 64
address sizes	: 39 bits physical, 48 bits virtual
power management:

processor	: 10
vendor_id	: GenuineIntel
cpu family	: 6
model		: 158
model name	: Intel(R) Core(TM) i7-8700 CPU @ 3.20GHz
stepping	: 10
microcode	: 0x96
cpu MHz		: 4299.920
cache size	: 12288 KB
physical id	: 0
siblings	: 12
core id		: 4
cpu cores	: 6
apicid		: 9
initial apicid	: 9
fpu		: yes
fpu_exception	: yes
cpuid level	: 22
wp		: yes
flags		: fpu vme de pse tsc msr pae mce cx8 apic sep mtrr pge mca cmov pat pse36 clflush dts acpi mmx fxsr sse sse2 ss ht tm pbe syscall nx pdpe1gb rdtscp lm constant_tsc art arch_perfmon pebs bts rep_good nopl xtopology nonstop_tsc cpuid aperfmperf tsc_known_freq pni pclmulqdq dtes64 monitor ds_cpl vmx smx est tm2 ssse3 sdbg fma cx16 xtpr pdcm pcid sse4_1 sse4_2 x2apic movbe popcnt tsc_deadline_timer aes xsave avx f16c rdrand lahf_lm abm 3dnowprefetch cpuid_fault invpcid_single pti ssbd ibrs ibpb stibp tpr_shadow vnmi flexpriority ept vpid fsgsbase tsc_adjust bmi1 hle avx2 smep bmi2 erms invpcid rtm mpx rdseed adx smap clflushopt intel_pt xsaveopt xsavec xgetbv1 xsaves dtherm ida arat pln pts hwp hwp_notify hwp_act_window hwp_epp flush_l1d
bugs		: cpu_meltdown spectre_v1 spectre_v2 spec_store_bypass l1tf
bogomips	: 6384.00
clflush size	: 64
cache_alignment	: 64
address sizes	: 39 bits physical, 48 bits virtual
power management:

processor	: 11
vendor_id	: GenuineIntel
cpu family	: 6
model		: 158
model name	: Intel(R) Core(TM) i7-8700 CPU @ 3.20GHz
stepping	: 10
microcode	: 0x96
cpu MHz		: 4299.998
cache size	: 12288 KB
physical id	: 0
siblings	: 12
core id		: 5
cpu cores	: 6
apicid		: 11
initial apicid	: 11
fpu		: yes
fpu_exception	: yes
cpuid level	: 22
wp		: yes
flags		: fpu vme de pse tsc msr pae mce cx8 apic sep mtrr pge mca cmov pat pse36 clflush dts acpi mmx fxsr sse sse2 ss ht tm pbe syscall nx pdpe1gb rdtscp lm constant_tsc art arch_perfmon pebs bts rep_good nopl xtopology nonstop_tsc cpuid aperfmperf tsc_known_freq pni pclmulqdq dtes64 monitor ds_cpl vmx smx est tm2 ssse3 sdbg fma cx16 xtpr pdcm pcid sse4_1 sse4_2 x2apic movbe popcnt tsc_deadline_timer aes xsave avx f16c rdrand lahf_lm abm 3dnowprefetch cpuid_fault invpcid_single pti ssbd ibrs ibpb stibp tpr_shadow vnmi flexpriority ept vpid fsgsbase tsc_adjust bmi1 hle avx2 smep bmi2 erms invpcid rtm mpx rdseed adx smap clflushopt intel_pt xsaveopt xsavec xgetbv1 xsaves dtherm ida arat pln pts hwp hwp_notify hwp_act_window hwp_epp flush_l1d
bugs		: cpu_meltdown spectre_v1 spectre_v2 spec_store_bypass l1tf
bogomips	: 6384.00
clflush size	: 64
cache_alignment	: 64
address sizes	: 39 bits physical, 48 bits virtual
power management:



Memory: 4k page, physical 16282364k(144948k free), swap 2097148k(0k free)

vm_info: Java HotSpot(TM) 64-Bit Server VM (25.201-b09) for linux-amd64 JRE (1.8.0_201-b09), built on Dec 15 2018 11:35:59 by "java_re" with gcc 7.3.0

time: Mon May  6 09:27:32 2019
timezone: -03
elapsed time: 226980 seconds (2d 15h 3m 0s)

